2025-09-11T06:11:15.266-03:00  INFO 3820 --- [tasklist] [http-nio-8080-exec-2] o.a.c.c.C.[Tomcat].[localhost].[/]       : Initializing Spring DispatcherServlet 'dispatcherServlet'
2025-09-11T06:11:15.598-03:00  INFO 3820 --- [tasklist] [http-nio-8080-exec-2] o.s.web.servlet.DispatcherServlet        : Initializing Servlet 'dispatcherServlet'
2025-09-11T06:11:16.034-03:00  INFO 3820 --- [tasklist] [http-nio-8080-exec-2] o.s.web.servlet.DispatcherServlet        : Completed initialization in 434 ms
2025-09-11T06:11:18.823-03:00  WARN 3820 --- [tasklist] [http-nio-8080-exec-5] .m.m.a.ExceptionHandlerExceptionResolver : Resolved [org.springframework.web.servlet.resource.NoResourceFoundException: No static resource favicon.ico.]
2025-09-11T06:14:05.016-03:00  WARN 3820 --- [tasklist] [http-nio-8080-exec-9] .m.m.a.ExceptionHandlerExceptionResolver : Resolved [org.springframework.web.method.annotation.MethodArgumentTypeMismatchException: Failed to convert value of type 'java.lang.String' to required type 'java.lang.Long'; For input string: "tasks"]
2025-09-11T06:14:05.021-03:00  WARN 3820 --- [tasklist] [http-nio-8080-exec-10] .m.m.a.ExceptionHandlerExceptionResolver : Resolved [org.springframework.web.method.annotation.MethodArgumentTypeMismatchException: Failed to convert value of type 'java.lang.String' to required type 'java.lang.Long'; For input string: "tasks"]
2025-09-11T07:13:29.054-03:00  INFO 3820 --- [tasklist] [File Watcher] rtingClassPathChangeChangedEventListener : Restarting due to 4 class path changes (0 additions, 4 deletions, 0 modifications)
2025-09-11T07:13:30.325-03:00  INFO 3820 --- [tasklist] [Thread-5] j.LocalContainerEntityManagerFactoryBean : Closing JPA EntityManagerFactory for persistence unit 'default'
2025-09-11T07:13:30.676-03:00  INFO 3820 --- [tasklist] [Thread-5] com.zaxxer.hikari.HikariDataSource       : HikariPool-1 - Shutdown initiated...
2025-09-11T07:13:30.830-03:00  INFO 3820 --- [tasklist] [Thread-5] com.zaxxer.hikari.HikariDataSource       : HikariPool-1 - Shutdown completed.
2025-09-11T07:13:32.938-03:00  INFO 3820 --- [tasklist] [restartedMain] br.com.jtech.tasklist.StartTasklist      : Starting StartTasklist using Java 17.0.12 with PID 3820 (C:\Users\Particular\Documents\Casali\Programacao\GITHUB\react\fullstack1\jtech-tasklist-backend\build\classes\java\main started by Particular in C:\Users\Particular\Documents\Casali\Programacao\GITHUB\react\fullstack1)
2025-09-11T07:13:32.938-03:00 DEBUG 3820 --- [tasklist] [restartedMain] br.com.jtech.tasklist.StartTasklist      : Running with Spring Boot v3.3.3, Spring v6.1.12
2025-09-11T07:13:32.938-03:00  INFO 3820 --- [tasklist] [restartedMain] br.com.jtech.tasklist.StartTasklist      : The following 1 profile is active: "prod"
2025-09-11T07:13:34.211-03:00  INFO 3820 --- [tasklist] [restartedMain] .s.d.r.c.RepositoryConfigurationDelegate : Bootstrapping Spring Data JPA repositories in DEFAULT mode.
2025-09-11T07:13:34.239-03:00  INFO 3820 --- [tasklist] [restartedMain] .s.d.r.c.RepositoryConfigurationDelegate : Finished Spring Data repository scanning in 25 ms. Found 1 JPA repository interface.
2025-09-11T07:13:34.662-03:00  INFO 3820 --- [tasklist] [restartedMain] o.s.b.w.embedded.tomcat.TomcatWebServer  : Tomcat initialized with port 8080 (http)
2025-09-11T07:13:34.665-03:00  INFO 3820 --- [tasklist] [restartedMain] o.apache.catalina.core.StandardService   : Starting service [Tomcat]
2025-09-11T07:13:34.666-03:00  INFO 3820 --- [tasklist] [restartedMain] o.apache.catalina.core.StandardEngine    : Starting Servlet engine: [Apache Tomcat/10.1.28]
2025-09-11T07:13:34.700-03:00  INFO 3820 --- [tasklist] [restartedMain] o.a.c.c.C.[Tomcat].[localhost].[/]       : Initializing Spring embedded WebApplicationContext
2025-09-11T07:13:34.700-03:00  INFO 3820 --- [tasklist] [restartedMain] w.s.c.ServletWebServerApplicationContext : Root WebApplicationContext: initialization completed in 1752 ms
2025-09-11T07:13:34.822-03:00  INFO 3820 --- [tasklist] [restartedMain] com.zaxxer.hikari.HikariDataSource       : HikariPool-2 - Starting...
2025-09-11T07:13:34.979-03:00  INFO 3820 --- [tasklist] [restartedMain] com.zaxxer.hikari.pool.HikariPool        : HikariPool-2 - Added connection org.postgresql.jdbc.PgConnection@17f2cdaf
2025-09-11T07:13:34.980-03:00  INFO 3820 --- [tasklist] [restartedMain] com.zaxxer.hikari.HikariDataSource       : HikariPool-2 - Start completed.
2025-09-11T07:13:34.980-03:00  INFO 3820 --- [tasklist] [restartedMain] o.s.b.a.h2.H2ConsoleAutoConfiguration    : H2 console available at '/h2-console'. Database available at 'jdbc:postgresql://localhost:5432/sansys_database'
2025-09-11T07:13:35.146-03:00  INFO 3820 --- [tasklist] [restartedMain] o.hibernate.jpa.internal.util.LogHelper  : HHH000204: Processing PersistenceUnitInfo [name: default]
2025-09-11T07:13:35.158-03:00  INFO 3820 --- [tasklist] [restartedMain] o.h.c.internal.RegionFactoryInitiator    : HHH000026: Second-level cache disabled
2025-09-11T07:13:35.196-03:00  INFO 3820 --- [tasklist] [restartedMain] o.s.o.j.p.SpringPersistenceUnitInfo      : No LoadTimeWeaver setup: ignoring JPA class transformer
2025-09-11T07:13:35.285-03:00  WARN 3820 --- [tasklist] [restartedMain] org.hibernate.orm.deprecation            : HHH90000025: PostgreSQLDialect does not need to be specified explicitly using 'hibernate.dialect' (remove the property setting and it will be selected by default)
2025-09-11T07:13:35.458-03:00  INFO 3820 --- [tasklist] [restartedMain] o.h.e.t.j.p.i.JtaPlatformInitiator       : HHH000489: No JTA platform available (set 'hibernate.transaction.jta.platform' to enable JTA platform integration)
2025-09-11T07:13:35.604-03:00  INFO 3820 --- [tasklist] [restartedMain] j.LocalContainerEntityManagerFactoryBean : Initialized JPA EntityManagerFactory for persistence unit 'default'
2025-09-11T07:13:35.645-03:00  WARN 3820 --- [tasklist] [restartedMain] ConfigServletWebServerApplicationContext : Exception encountered during context initialization - cancelling refresh attempt: org.springframework.beans.factory.UnsatisfiedDependencyException: Error creating bean with name 'taskController': Unsatisfied dependency expressed through field 'taskService': Error creating bean with name 'taskService': Lookup method resolution failed
2025-09-11T07:13:35.646-03:00  INFO 3820 --- [tasklist] [restartedMain] j.LocalContainerEntityManagerFactoryBean : Closing JPA EntityManagerFactory for persistence unit 'default'
2025-09-11T07:13:35.647-03:00  INFO 3820 --- [tasklist] [restartedMain] com.zaxxer.hikari.HikariDataSource       : HikariPool-2 - Shutdown initiated...
2025-09-11T07:13:35.692-03:00  INFO 3820 --- [tasklist] [restartedMain] com.zaxxer.hikari.HikariDataSource       : HikariPool-2 - Shutdown completed.
2025-09-11T07:13:35.693-03:00  INFO 3820 --- [tasklist] [restartedMain] o.apache.catalina.core.StandardService   : Stopping service [Tomcat]
2025-09-11T07:13:35.712-03:00  INFO 3820 --- [tasklist] [restartedMain] .s.b.a.l.ConditionEvaluationReportLogger : 

Error starting ApplicationContext. To display the condition evaluation report re-run your application with 'debug' enabled.
2025-09-11T07:13:35.782-03:00 ERROR 3820 --- [tasklist] [restartedMain] o.s.boot.SpringApplication               : Application run failed

org.springframework.beans.factory.UnsatisfiedDependencyException: Error creating bean with name 'taskController': Unsatisfied dependency expressed through field 'taskService': Error creating bean with name 'taskService': Lookup method resolution failed
	at org.springframework.beans.factory.annotation.AutowiredAnnotationBeanPostProcessor$AutowiredFieldElement.resolveFieldValue(AutowiredAnnotationBeanPostProcessor.java:788) ~[spring-beans-6.1.12.jar:6.1.12]
	at org.springframework.beans.factory.annotation.AutowiredAnnotationBeanPostProcessor$AutowiredFieldElement.inject(AutowiredAnnotationBeanPostProcessor.java:768) ~[spring-beans-6.1.12.jar:6.1.12]
	at org.springframework.beans.factory.annotation.InjectionMetadata.inject(InjectionMetadata.java:145) ~[spring-beans-6.1.12.jar:6.1.12]
	at org.springframework.beans.factory.annotation.AutowiredAnnotationBeanPostProcessor.postProcessProperties(AutowiredAnnotationBeanPostProcessor.java:509) ~[spring-beans-6.1.12.jar:6.1.12]
	at org.springframework.beans.factory.support.AbstractAutowireCapableBeanFactory.populateBean(AbstractAutowireCapableBeanFactory.java:1439) ~[spring-beans-6.1.12.jar:6.1.12]
	at org.springframework.beans.factory.support.AbstractAutowireCapableBeanFactory.doCreateBean(AbstractAutowireCapableBeanFactory.java:599) ~[spring-beans-6.1.12.jar:6.1.12]
	at org.springframework.beans.factory.support.AbstractAutowireCapableBeanFactory.createBean(AbstractAutowireCapableBeanFactory.java:522) ~[spring-beans-6.1.12.jar:6.1.12]
	at org.springframework.beans.factory.support.AbstractBeanFactory.lambda$doGetBean$0(AbstractBeanFactory.java:337) ~[spring-beans-6.1.12.jar:6.1.12]
	at org.springframework.beans.factory.support.DefaultSingletonBeanRegistry.getSingleton(DefaultSingletonBeanRegistry.java:234) ~[spring-beans-6.1.12.jar:6.1.12]
	at org.springframework.beans.factory.support.AbstractBeanFactory.doGetBean(AbstractBeanFactory.java:335) ~[spring-beans-6.1.12.jar:6.1.12]
	at org.springframework.beans.factory.support.AbstractBeanFactory.getBean(AbstractBeanFactory.java:200) ~[spring-beans-6.1.12.jar:6.1.12]
	at org.springframework.beans.factory.support.DefaultListableBeanFactory.preInstantiateSingletons(DefaultListableBeanFactory.java:975) ~[spring-beans-6.1.12.jar:6.1.12]
	at org.springframework.context.support.AbstractApplicationContext.finishBeanFactoryInitialization(AbstractApplicationContext.java:971) ~[spring-context-6.1.12.jar:6.1.12]
	at org.springframework.context.support.AbstractApplicationContext.refresh(AbstractApplicationContext.java:625) ~[spring-context-6.1.12.jar:6.1.12]
	at org.springframework.boot.web.servlet.context.ServletWebServerApplicationContext.refresh(ServletWebServerApplicationContext.java:146) ~[spring-boot-3.3.3.jar:3.3.3]
	at org.springframework.boot.SpringApplication.refresh(SpringApplication.java:754) ~[spring-boot-3.3.3.jar:3.3.3]
	at org.springframework.boot.SpringApplication.refreshContext(SpringApplication.java:456) ~[spring-boot-3.3.3.jar:3.3.3]
	at org.springframework.boot.SpringApplication.run(SpringApplication.java:335) ~[spring-boot-3.3.3.jar:3.3.3]
	at org.springframework.boot.SpringApplication.run(SpringApplication.java:1363) ~[spring-boot-3.3.3.jar:3.3.3]
	at org.springframework.boot.SpringApplication.run(SpringApplication.java:1352) ~[spring-boot-3.3.3.jar:3.3.3]
	at br.com.jtech.tasklist.StartTasklist.main(StartTasklist.java:10) ~[main/:na]
	at java.base/jdk.internal.reflect.NativeMethodAccessorImpl.invoke0(Native Method) ~[na:na]
	at java.base/jdk.internal.reflect.NativeMethodAccessorImpl.invoke(NativeMethodAccessorImpl.java:77) ~[na:na]
	at java.base/jdk.internal.reflect.DelegatingMethodAccessorImpl.invoke(DelegatingMethodAccessorImpl.java:43) ~[na:na]
	at java.base/java.lang.reflect.Method.invoke(Method.java:569) ~[na:na]
	at org.springframework.boot.devtools.restart.RestartLauncher.run(RestartLauncher.java:50) ~[spring-boot-devtools-3.3.3.jar:3.3.3]
Caused by: org.springframework.beans.factory.BeanCreationException: Error creating bean with name 'taskService': Lookup method resolution failed
	at org.springframework.beans.factory.annotation.AutowiredAnnotationBeanPostProcessor.checkLookupMethods(AutowiredAnnotationBeanPostProcessor.java:498) ~[spring-beans-6.1.12.jar:6.1.12]
	at org.springframework.beans.factory.annotation.AutowiredAnnotationBeanPostProcessor.determineCandidateConstructors(AutowiredAnnotationBeanPostProcessor.java:368) ~[spring-beans-6.1.12.jar:6.1.12]
	at org.springframework.beans.factory.support.AbstractAutowireCapableBeanFactory.determineConstructorsFromBeanPostProcessors(AbstractAutowireCapableBeanFactory.java:1314) ~[spring-beans-6.1.12.jar:6.1.12]
	at org.springframework.beans.factory.support.AbstractAutowireCapableBeanFactory.createBeanInstance(AbstractAutowireCapableBeanFactory.java:1209) ~[spring-beans-6.1.12.jar:6.1.12]
	at org.springframework.beans.factory.support.AbstractAutowireCapableBeanFactory.doCreateBean(AbstractAutowireCapableBeanFactory.java:562) ~[spring-beans-6.1.12.jar:6.1.12]
	at org.springframework.beans.factory.support.AbstractAutowireCapableBeanFactory.createBean(AbstractAutowireCapableBeanFactory.java:522) ~[spring-beans-6.1.12.jar:6.1.12]
	at org.springframework.beans.factory.support.AbstractBeanFactory.lambda$doGetBean$0(AbstractBeanFactory.java:337) ~[spring-beans-6.1.12.jar:6.1.12]
	at org.springframework.beans.factory.support.DefaultSingletonBeanRegistry.getSingleton(DefaultSingletonBeanRegistry.java:234) ~[spring-beans-6.1.12.jar:6.1.12]
	at org.springframework.beans.factory.support.AbstractBeanFactory.doGetBean(AbstractBeanFactory.java:335) ~[spring-beans-6.1.12.jar:6.1.12]
	at org.springframework.beans.factory.support.AbstractBeanFactory.getBean(AbstractBeanFactory.java:200) ~[spring-beans-6.1.12.jar:6.1.12]
	at org.springframework.beans.factory.config.DependencyDescriptor.resolveCandidate(DependencyDescriptor.java:254) ~[spring-beans-6.1.12.jar:6.1.12]
	at org.springframework.beans.factory.support.DefaultListableBeanFactory.doResolveDependency(DefaultListableBeanFactory.java:1443) ~[spring-beans-6.1.12.jar:6.1.12]
	at org.springframework.beans.factory.support.DefaultListableBeanFactory.resolveDependency(DefaultListableBeanFactory.java:1353) ~[spring-beans-6.1.12.jar:6.1.12]
	at org.springframework.beans.factory.annotation.AutowiredAnnotationBeanPostProcessor$AutowiredFieldElement.resolveFieldValue(AutowiredAnnotationBeanPostProcessor.java:785) ~[spring-beans-6.1.12.jar:6.1.12]
	... 25 common frames omitted
Caused by: java.lang.IllegalStateException: Failed to introspect Class [br.com.jtech.tasklist.service.TaskService] from ClassLoader [org.springframework.boot.devtools.restart.classloader.RestartClassLoader@531c1e0b]
	at org.springframework.util.ReflectionUtils.getDeclaredMethods(ReflectionUtils.java:483) ~[spring-core-6.1.12.jar:6.1.12]
	at org.springframework.util.ReflectionUtils.doWithLocalMethods(ReflectionUtils.java:320) ~[spring-core-6.1.12.jar:6.1.12]
	at org.springframework.beans.factory.annotation.AutowiredAnnotationBeanPostProcessor.checkLookupMethods(AutowiredAnnotationBeanPostProcessor.java:476) ~[spring-beans-6.1.12.jar:6.1.12]
	... 38 common frames omitted
Caused by: java.lang.NoClassDefFoundError: br/com/jtech/tasklist/exceptions/RegraNegocioException
	at java.base/java.lang.Class.getDeclaredMethods0(Native Method) ~[na:na]
	at java.base/java.lang.Class.privateGetDeclaredMethods(Class.java:3402) ~[na:na]
	at java.base/java.lang.Class.getDeclaredMethods(Class.java:2504) ~[na:na]
	at org.springframework.util.ReflectionUtils.getDeclaredMethods(ReflectionUtils.java:465) ~[spring-core-6.1.12.jar:6.1.12]
	... 40 common frames omitted
Caused by: java.lang.ClassNotFoundException: br.com.jtech.tasklist.exceptions.RegraNegocioException
	at java.base/jdk.internal.loader.BuiltinClassLoader.loadClass(BuiltinClassLoader.java:641) ~[na:na]
	at java.base/jdk.internal.loader.ClassLoaders$AppClassLoader.loadClass(ClassLoaders.java:188) ~[na:na]
	at java.base/java.lang.ClassLoader.loadClass(ClassLoader.java:525) ~[na:na]
	at java.base/java.lang.Class.forName0(Native Method) ~[na:na]
	at java.base/java.lang.Class.forName(Class.java:467) ~[na:na]
	at org.springframework.boot.devtools.restart.classloader.RestartClassLoader.loadClass(RestartClassLoader.java:121) ~[spring-boot-devtools-3.3.3.jar:3.3.3]
	at java.base/java.lang.ClassLoader.loadClass(ClassLoader.java:525) ~[na:na]
	... 44 common frames omitted

2025-09-11T07:13:46.493-03:00  INFO 3820 --- [tasklist] [restartedMain] br.com.jtech.tasklist.StartTasklist      : Starting StartTasklist using Java 17.0.12 with PID 3820 (C:\Users\Particular\Documents\Casali\Programacao\GITHUB\react\fullstack1\jtech-tasklist-backend\build\classes\java\main started by Particular in C:\Users\Particular\Documents\Casali\Programacao\GITHUB\react\fullstack1)
2025-09-11T07:13:46.494-03:00 DEBUG 3820 --- [tasklist] [restartedMain] br.com.jtech.tasklist.StartTasklist      : Running with Spring Boot v3.3.3, Spring v6.1.12
2025-09-11T07:13:46.494-03:00  INFO 3820 --- [tasklist] [restartedMain] br.com.jtech.tasklist.StartTasklist      : The following 1 profile is active: "prod"
2025-09-11T07:13:46.861-03:00  INFO 3820 --- [tasklist] [restartedMain] .s.d.r.c.RepositoryConfigurationDelegate : Bootstrapping Spring Data JPA repositories in DEFAULT mode.
2025-09-11T07:13:46.872-03:00  INFO 3820 --- [tasklist] [restartedMain] .s.d.r.c.RepositoryConfigurationDelegate : Finished Spring Data repository scanning in 10 ms. Found 1 JPA repository interface.
2025-09-11T07:13:47.055-03:00  INFO 3820 --- [tasklist] [restartedMain] o.s.b.w.embedded.tomcat.TomcatWebServer  : Tomcat initialized with port 8080 (http)
2025-09-11T07:13:47.059-03:00  INFO 3820 --- [tasklist] [restartedMain] o.apache.catalina.core.StandardService   : Starting service [Tomcat]
2025-09-11T07:13:47.059-03:00  INFO 3820 --- [tasklist] [restartedMain] o.apache.catalina.core.StandardEngine    : Starting Servlet engine: [Apache Tomcat/10.1.28]
2025-09-11T07:13:47.090-03:00  INFO 3820 --- [tasklist] [restartedMain] o.a.c.c.C.[Tomcat-1].[localhost].[/]     : Initializing Spring embedded WebApplicationContext
2025-09-11T07:13:47.090-03:00  INFO 3820 --- [tasklist] [restartedMain] w.s.c.ServletWebServerApplicationContext : Root WebApplicationContext: initialization completed in 594 ms
2025-09-11T07:13:47.176-03:00  INFO 3820 --- [tasklist] [restartedMain] com.zaxxer.hikari.HikariDataSource       : HikariPool-3 - Starting...
2025-09-11T07:13:47.252-03:00  INFO 3820 --- [tasklist] [restartedMain] com.zaxxer.hikari.pool.HikariPool        : HikariPool-3 - Added connection org.postgresql.jdbc.PgConnection@3418e3f1
2025-09-11T07:13:47.253-03:00  INFO 3820 --- [tasklist] [restartedMain] com.zaxxer.hikari.HikariDataSource       : HikariPool-3 - Start completed.
2025-09-11T07:13:47.253-03:00  INFO 3820 --- [tasklist] [restartedMain] o.s.b.a.h2.H2ConsoleAutoConfiguration    : H2 console available at '/h2-console'. Database available at 'jdbc:postgresql://localhost:5432/sansys_database'
2025-09-11T07:13:47.333-03:00  INFO 3820 --- [tasklist] [restartedMain] o.hibernate.jpa.internal.util.LogHelper  : HHH000204: Processing PersistenceUnitInfo [name: default]
2025-09-11T07:13:47.338-03:00  INFO 3820 --- [tasklist] [restartedMain] o.h.c.internal.RegionFactoryInitiator    : HHH000026: Second-level cache disabled
2025-09-11T07:13:47.351-03:00  INFO 3820 --- [tasklist] [restartedMain] o.s.o.j.p.SpringPersistenceUnitInfo      : No LoadTimeWeaver setup: ignoring JPA class transformer
2025-09-11T07:13:47.367-03:00  WARN 3820 --- [tasklist] [restartedMain] org.hibernate.orm.deprecation            : HHH90000025: PostgreSQLDialect does not need to be specified explicitly using 'hibernate.dialect' (remove the property setting and it will be selected by default)
2025-09-11T07:13:47.453-03:00  INFO 3820 --- [tasklist] [restartedMain] o.h.e.t.j.p.i.JtaPlatformInitiator       : HHH000489: No JTA platform available (set 'hibernate.transaction.jta.platform' to enable JTA platform integration)
2025-09-11T07:13:47.483-03:00  INFO 3820 --- [tasklist] [restartedMain] j.LocalContainerEntityManagerFactoryBean : Initialized JPA EntityManagerFactory for persistence unit 'default'
2025-09-11T07:13:47.503-03:00  WARN 3820 --- [tasklist] [restartedMain] ConfigServletWebServerApplicationContext : Exception encountered during context initialization - cancelling refresh attempt: org.springframework.beans.factory.UnsatisfiedDependencyException: Error creating bean with name 'taskController': Unsatisfied dependency expressed through field 'taskService': Error creating bean with name 'taskService': Lookup method resolution failed
2025-09-11T07:13:47.503-03:00  INFO 3820 --- [tasklist] [restartedMain] j.LocalContainerEntityManagerFactoryBean : Closing JPA EntityManagerFactory for persistence unit 'default'
2025-09-11T07:13:47.504-03:00  INFO 3820 --- [tasklist] [restartedMain] com.zaxxer.hikari.HikariDataSource       : HikariPool-3 - Shutdown initiated...
2025-09-11T07:13:47.615-03:00  INFO 3820 --- [tasklist] [restartedMain] com.zaxxer.hikari.HikariDataSource       : HikariPool-3 - Shutdown completed.
2025-09-11T07:13:47.617-03:00  INFO 3820 --- [tasklist] [restartedMain] o.apache.catalina.core.StandardService   : Stopping service [Tomcat]
2025-09-11T07:13:47.644-03:00  INFO 3820 --- [tasklist] [restartedMain] .s.b.a.l.ConditionEvaluationReportLogger : 

Error starting ApplicationContext. To display the condition evaluation report re-run your application with 'debug' enabled.
2025-09-11T07:13:47.650-03:00 ERROR 3820 --- [tasklist] [restartedMain] o.s.boot.SpringApplication               : Application run failed

org.springframework.beans.factory.UnsatisfiedDependencyException: Error creating bean with name 'taskController': Unsatisfied dependency expressed through field 'taskService': Error creating bean with name 'taskService': Lookup method resolution failed
	at org.springframework.beans.factory.annotation.AutowiredAnnotationBeanPostProcessor$AutowiredFieldElement.resolveFieldValue(AutowiredAnnotationBeanPostProcessor.java:788) ~[spring-beans-6.1.12.jar:6.1.12]
	at org.springframework.beans.factory.annotation.AutowiredAnnotationBeanPostProcessor$AutowiredFieldElement.inject(AutowiredAnnotationBeanPostProcessor.java:768) ~[spring-beans-6.1.12.jar:6.1.12]
	at org.springframework.beans.factory.annotation.InjectionMetadata.inject(InjectionMetadata.java:145) ~[spring-beans-6.1.12.jar:6.1.12]
	at org.springframework.beans.factory.annotation.AutowiredAnnotationBeanPostProcessor.postProcessProperties(AutowiredAnnotationBeanPostProcessor.java:509) ~[spring-beans-6.1.12.jar:6.1.12]
	at org.springframework.beans.factory.support.AbstractAutowireCapableBeanFactory.populateBean(AbstractAutowireCapableBeanFactory.java:1439) ~[spring-beans-6.1.12.jar:6.1.12]
	at org.springframework.beans.factory.support.AbstractAutowireCapableBeanFactory.doCreateBean(AbstractAutowireCapableBeanFactory.java:599) ~[spring-beans-6.1.12.jar:6.1.12]
	at org.springframework.beans.factory.support.AbstractAutowireCapableBeanFactory.createBean(AbstractAutowireCapableBeanFactory.java:522) ~[spring-beans-6.1.12.jar:6.1.12]
	at org.springframework.beans.factory.support.AbstractBeanFactory.lambda$doGetBean$0(AbstractBeanFactory.java:337) ~[spring-beans-6.1.12.jar:6.1.12]
	at org.springframework.beans.factory.support.DefaultSingletonBeanRegistry.getSingleton(DefaultSingletonBeanRegistry.java:234) ~[spring-beans-6.1.12.jar:6.1.12]
	at org.springframework.beans.factory.support.AbstractBeanFactory.doGetBean(AbstractBeanFactory.java:335) ~[spring-beans-6.1.12.jar:6.1.12]
	at org.springframework.beans.factory.support.AbstractBeanFactory.getBean(AbstractBeanFactory.java:200) ~[spring-beans-6.1.12.jar:6.1.12]
	at org.springframework.beans.factory.support.DefaultListableBeanFactory.preInstantiateSingletons(DefaultListableBeanFactory.java:975) ~[spring-beans-6.1.12.jar:6.1.12]
	at org.springframework.context.support.AbstractApplicationContext.finishBeanFactoryInitialization(AbstractApplicationContext.java:971) ~[spring-context-6.1.12.jar:6.1.12]
	at org.springframework.context.support.AbstractApplicationContext.refresh(AbstractApplicationContext.java:625) ~[spring-context-6.1.12.jar:6.1.12]
	at org.springframework.boot.web.servlet.context.ServletWebServerApplicationContext.refresh(ServletWebServerApplicationContext.java:146) ~[spring-boot-3.3.3.jar:3.3.3]
	at org.springframework.boot.SpringApplication.refresh(SpringApplication.java:754) ~[spring-boot-3.3.3.jar:3.3.3]
	at org.springframework.boot.SpringApplication.refreshContext(SpringApplication.java:456) ~[spring-boot-3.3.3.jar:3.3.3]
	at org.springframework.boot.SpringApplication.run(SpringApplication.java:335) ~[spring-boot-3.3.3.jar:3.3.3]
	at org.springframework.boot.SpringApplication.run(SpringApplication.java:1363) ~[spring-boot-3.3.3.jar:3.3.3]
	at org.springframework.boot.SpringApplication.run(SpringApplication.java:1352) ~[spring-boot-3.3.3.jar:3.3.3]
	at br.com.jtech.tasklist.StartTasklist.main(StartTasklist.java:10) ~[main/:na]
	at java.base/jdk.internal.reflect.NativeMethodAccessorImpl.invoke0(Native Method) ~[na:na]
	at java.base/jdk.internal.reflect.NativeMethodAccessorImpl.invoke(NativeMethodAccessorImpl.java:77) ~[na:na]
	at java.base/jdk.internal.reflect.DelegatingMethodAccessorImpl.invoke(DelegatingMethodAccessorImpl.java:43) ~[na:na]
	at java.base/java.lang.reflect.Method.invoke(Method.java:569) ~[na:na]
	at org.springframework.boot.devtools.restart.RestartLauncher.run(RestartLauncher.java:50) ~[spring-boot-devtools-3.3.3.jar:3.3.3]
Caused by: org.springframework.beans.factory.BeanCreationException: Error creating bean with name 'taskService': Lookup method resolution failed
	at org.springframework.beans.factory.annotation.AutowiredAnnotationBeanPostProcessor.checkLookupMethods(AutowiredAnnotationBeanPostProcessor.java:498) ~[spring-beans-6.1.12.jar:6.1.12]
	at org.springframework.beans.factory.annotation.AutowiredAnnotationBeanPostProcessor.determineCandidateConstructors(AutowiredAnnotationBeanPostProcessor.java:368) ~[spring-beans-6.1.12.jar:6.1.12]
	at org.springframework.beans.factory.support.AbstractAutowireCapableBeanFactory.determineConstructorsFromBeanPostProcessors(AbstractAutowireCapableBeanFactory.java:1314) ~[spring-beans-6.1.12.jar:6.1.12]
	at org.springframework.beans.factory.support.AbstractAutowireCapableBeanFactory.createBeanInstance(AbstractAutowireCapableBeanFactory.java:1209) ~[spring-beans-6.1.12.jar:6.1.12]
	at org.springframework.beans.factory.support.AbstractAutowireCapableBeanFactory.doCreateBean(AbstractAutowireCapableBeanFactory.java:562) ~[spring-beans-6.1.12.jar:6.1.12]
	at org.springframework.beans.factory.support.AbstractAutowireCapableBeanFactory.createBean(AbstractAutowireCapableBeanFactory.java:522) ~[spring-beans-6.1.12.jar:6.1.12]
	at org.springframework.beans.factory.support.AbstractBeanFactory.lambda$doGetBean$0(AbstractBeanFactory.java:337) ~[spring-beans-6.1.12.jar:6.1.12]
	at org.springframework.beans.factory.support.DefaultSingletonBeanRegistry.getSingleton(DefaultSingletonBeanRegistry.java:234) ~[spring-beans-6.1.12.jar:6.1.12]
	at org.springframework.beans.factory.support.AbstractBeanFactory.doGetBean(AbstractBeanFactory.java:335) ~[spring-beans-6.1.12.jar:6.1.12]
	at org.springframework.beans.factory.support.AbstractBeanFactory.getBean(AbstractBeanFactory.java:200) ~[spring-beans-6.1.12.jar:6.1.12]
	at org.springframework.beans.factory.config.DependencyDescriptor.resolveCandidate(DependencyDescriptor.java:254) ~[spring-beans-6.1.12.jar:6.1.12]
	at org.springframework.beans.factory.support.DefaultListableBeanFactory.doResolveDependency(DefaultListableBeanFactory.java:1443) ~[spring-beans-6.1.12.jar:6.1.12]
	at org.springframework.beans.factory.support.DefaultListableBeanFactory.resolveDependency(DefaultListableBeanFactory.java:1353) ~[spring-beans-6.1.12.jar:6.1.12]
	at org.springframework.beans.factory.annotation.AutowiredAnnotationBeanPostProcessor$AutowiredFieldElement.resolveFieldValue(AutowiredAnnotationBeanPostProcessor.java:785) ~[spring-beans-6.1.12.jar:6.1.12]
	... 25 common frames omitted
Caused by: java.lang.IllegalStateException: Failed to introspect Class [br.com.jtech.tasklist.service.TaskService] from ClassLoader [org.springframework.boot.devtools.restart.classloader.RestartClassLoader@6662a28a]
	at org.springframework.util.ReflectionUtils.getDeclaredMethods(ReflectionUtils.java:483) ~[spring-core-6.1.12.jar:6.1.12]
	at org.springframework.util.ReflectionUtils.doWithLocalMethods(ReflectionUtils.java:320) ~[spring-core-6.1.12.jar:6.1.12]
	at org.springframework.beans.factory.annotation.AutowiredAnnotationBeanPostProcessor.checkLookupMethods(AutowiredAnnotationBeanPostProcessor.java:476) ~[spring-beans-6.1.12.jar:6.1.12]
	... 38 common frames omitted
Caused by: java.lang.NoClassDefFoundError: br/com/jtech/tasklist/exceptions/RegraNegocioException
	at java.base/java.lang.Class.getDeclaredMethods0(Native Method) ~[na:na]
	at java.base/java.lang.Class.privateGetDeclaredMethods(Class.java:3402) ~[na:na]
	at java.base/java.lang.Class.getDeclaredMethods(Class.java:2504) ~[na:na]
	at org.springframework.util.ReflectionUtils.getDeclaredMethods(ReflectionUtils.java:465) ~[spring-core-6.1.12.jar:6.1.12]
	... 40 common frames omitted
Caused by: java.lang.ClassNotFoundException: br.com.jtech.tasklist.exceptions.RegraNegocioException
	at java.base/jdk.internal.loader.BuiltinClassLoader.loadClass(BuiltinClassLoader.java:641) ~[na:na]
	at java.base/jdk.internal.loader.ClassLoaders$AppClassLoader.loadClass(ClassLoaders.java:188) ~[na:na]
	at java.base/java.lang.ClassLoader.loadClass(ClassLoader.java:525) ~[na:na]
	at java.base/java.lang.Class.forName0(Native Method) ~[na:na]
	at java.base/java.lang.Class.forName(Class.java:467) ~[na:na]
	at org.springframework.boot.devtools.restart.classloader.RestartClassLoader.loadClass(RestartClassLoader.java:121) ~[spring-boot-devtools-3.3.3.jar:3.3.3]
	at java.base/java.lang.ClassLoader.loadClass(ClassLoader.java:525) ~[na:na]
	... 44 common frames omitted

2025-09-11T07:14:30.913-03:00  INFO 3820 --- [tasklist] [restartedMain] br.com.jtech.tasklist.StartTasklist      : Starting StartTasklist using Java 17.0.12 with PID 3820 (C:\Users\Particular\Documents\Casali\Programacao\GITHUB\react\fullstack1\jtech-tasklist-backend\build\classes\java\main started by Particular in C:\Users\Particular\Documents\Casali\Programacao\GITHUB\react\fullstack1)
2025-09-11T07:14:30.914-03:00 DEBUG 3820 --- [tasklist] [restartedMain] br.com.jtech.tasklist.StartTasklist      : Running with Spring Boot v3.3.3, Spring v6.1.12
2025-09-11T07:14:30.914-03:00  INFO 3820 --- [tasklist] [restartedMain] br.com.jtech.tasklist.StartTasklist      : The following 1 profile is active: "prod"
2025-09-11T07:14:31.548-03:00  INFO 3820 --- [tasklist] [restartedMain] .s.d.r.c.RepositoryConfigurationDelegate : Bootstrapping Spring Data JPA repositories in DEFAULT mode.
2025-09-11T07:14:31.561-03:00  INFO 3820 --- [tasklist] [restartedMain] .s.d.r.c.RepositoryConfigurationDelegate : Finished Spring Data repository scanning in 12 ms. Found 1 JPA repository interface.
2025-09-11T07:14:31.819-03:00  INFO 3820 --- [tasklist] [restartedMain] o.s.b.w.embedded.tomcat.TomcatWebServer  : Tomcat initialized with port 8080 (http)
2025-09-11T07:14:31.820-03:00  INFO 3820 --- [tasklist] [restartedMain] o.apache.catalina.core.StandardService   : Starting service [Tomcat]
2025-09-11T07:14:31.820-03:00  INFO 3820 --- [tasklist] [restartedMain] o.apache.catalina.core.StandardEngine    : Starting Servlet engine: [Apache Tomcat/10.1.28]
2025-09-11T07:14:31.852-03:00  INFO 3820 --- [tasklist] [restartedMain] o.a.c.c.C.[Tomcat-2].[localhost].[/]     : Initializing Spring embedded WebApplicationContext
2025-09-11T07:14:31.853-03:00  INFO 3820 --- [tasklist] [restartedMain] w.s.c.ServletWebServerApplicationContext : Root WebApplicationContext: initialization completed in 936 ms
2025-09-11T07:14:31.961-03:00  INFO 3820 --- [tasklist] [restartedMain] com.zaxxer.hikari.HikariDataSource       : HikariPool-4 - Starting...
2025-09-11T07:14:32.035-03:00  INFO 3820 --- [tasklist] [restartedMain] com.zaxxer.hikari.pool.HikariPool        : HikariPool-4 - Added connection org.postgresql.jdbc.PgConnection@50ce9e05
2025-09-11T07:14:32.035-03:00  INFO 3820 --- [tasklist] [restartedMain] com.zaxxer.hikari.HikariDataSource       : HikariPool-4 - Start completed.
2025-09-11T07:14:32.035-03:00  INFO 3820 --- [tasklist] [restartedMain] o.s.b.a.h2.H2ConsoleAutoConfiguration    : H2 console available at '/h2-console'. Database available at 'jdbc:postgresql://localhost:5432/sansys_database'
2025-09-11T07:14:32.134-03:00  INFO 3820 --- [tasklist] [restartedMain] o.hibernate.jpa.internal.util.LogHelper  : HHH000204: Processing PersistenceUnitInfo [name: default]
2025-09-11T07:14:32.138-03:00  INFO 3820 --- [tasklist] [restartedMain] o.h.c.internal.RegionFactoryInitiator    : HHH000026: Second-level cache disabled
2025-09-11T07:14:32.151-03:00  INFO 3820 --- [tasklist] [restartedMain] o.s.o.j.p.SpringPersistenceUnitInfo      : No LoadTimeWeaver setup: ignoring JPA class transformer
2025-09-11T07:14:32.167-03:00  WARN 3820 --- [tasklist] [restartedMain] org.hibernate.orm.deprecation            : HHH90000025: PostgreSQLDialect does not need to be specified explicitly using 'hibernate.dialect' (remove the property setting and it will be selected by default)
2025-09-11T07:14:32.236-03:00  INFO 3820 --- [tasklist] [restartedMain] o.h.e.t.j.p.i.JtaPlatformInitiator       : HHH000489: No JTA platform available (set 'hibernate.transaction.jta.platform' to enable JTA platform integration)
2025-09-11T07:14:32.289-03:00  INFO 3820 --- [tasklist] [restartedMain] j.LocalContainerEntityManagerFactoryBean : Initialized JPA EntityManagerFactory for persistence unit 'default'
2025-09-11T07:14:32.305-03:00  WARN 3820 --- [tasklist] [restartedMain] ConfigServletWebServerApplicationContext : Exception encountered during context initialization - cancelling refresh attempt: org.springframework.beans.factory.BeanCreationException: Error creating bean with name 'taskController' defined in file [C:\Users\Particular\Documents\Casali\Programacao\GITHUB\react\fullstack1\jtech-tasklist-backend\build\classes\java\main\br\com\jtech\tasklist\controllers\TaskController.class]: Post-processing of merged bean definition failed
2025-09-11T07:14:32.305-03:00  INFO 3820 --- [tasklist] [restartedMain] j.LocalContainerEntityManagerFactoryBean : Closing JPA EntityManagerFactory for persistence unit 'default'
2025-09-11T07:14:32.306-03:00  INFO 3820 --- [tasklist] [restartedMain] com.zaxxer.hikari.HikariDataSource       : HikariPool-4 - Shutdown initiated...
2025-09-11T07:14:32.352-03:00  INFO 3820 --- [tasklist] [restartedMain] com.zaxxer.hikari.HikariDataSource       : HikariPool-4 - Shutdown completed.
2025-09-11T07:14:32.353-03:00  INFO 3820 --- [tasklist] [restartedMain] o.apache.catalina.core.StandardService   : Stopping service [Tomcat]
2025-09-11T07:14:32.364-03:00  INFO 3820 --- [tasklist] [restartedMain] .s.b.a.l.ConditionEvaluationReportLogger : 

Error starting ApplicationContext. To display the condition evaluation report re-run your application with 'debug' enabled.
2025-09-11T07:14:32.369-03:00 ERROR 3820 --- [tasklist] [restartedMain] o.s.boot.SpringApplication               : Application run failed

org.springframework.beans.factory.BeanCreationException: Error creating bean with name 'taskController' defined in file [C:\Users\Particular\Documents\Casali\Programacao\GITHUB\react\fullstack1\jtech-tasklist-backend\build\classes\java\main\br\com\jtech\tasklist\controllers\TaskController.class]: Post-processing of merged bean definition failed
	at org.springframework.beans.factory.support.AbstractAutowireCapableBeanFactory.doCreateBean(AbstractAutowireCapableBeanFactory.java:577) ~[spring-beans-6.1.12.jar:6.1.12]
	at org.springframework.beans.factory.support.AbstractAutowireCapableBeanFactory.createBean(AbstractAutowireCapableBeanFactory.java:522) ~[spring-beans-6.1.12.jar:6.1.12]
	at org.springframework.beans.factory.support.AbstractBeanFactory.lambda$doGetBean$0(AbstractBeanFactory.java:337) ~[spring-beans-6.1.12.jar:6.1.12]
	at org.springframework.beans.factory.support.DefaultSingletonBeanRegistry.getSingleton(DefaultSingletonBeanRegistry.java:234) ~[spring-beans-6.1.12.jar:6.1.12]
	at org.springframework.beans.factory.support.AbstractBeanFactory.doGetBean(AbstractBeanFactory.java:335) ~[spring-beans-6.1.12.jar:6.1.12]
	at org.springframework.beans.factory.support.AbstractBeanFactory.getBean(AbstractBeanFactory.java:200) ~[spring-beans-6.1.12.jar:6.1.12]
	at org.springframework.beans.factory.support.DefaultListableBeanFactory.preInstantiateSingletons(DefaultListableBeanFactory.java:975) ~[spring-beans-6.1.12.jar:6.1.12]
	at org.springframework.context.support.AbstractApplicationContext.finishBeanFactoryInitialization(AbstractApplicationContext.java:971) ~[spring-context-6.1.12.jar:6.1.12]
	at org.springframework.context.support.AbstractApplicationContext.refresh(AbstractApplicationContext.java:625) ~[spring-context-6.1.12.jar:6.1.12]
	at org.springframework.boot.web.servlet.context.ServletWebServerApplicationContext.refresh(ServletWebServerApplicationContext.java:146) ~[spring-boot-3.3.3.jar:3.3.3]
	at org.springframework.boot.SpringApplication.refresh(SpringApplication.java:754) ~[spring-boot-3.3.3.jar:3.3.3]
	at org.springframework.boot.SpringApplication.refreshContext(SpringApplication.java:456) ~[spring-boot-3.3.3.jar:3.3.3]
	at org.springframework.boot.SpringApplication.run(SpringApplication.java:335) ~[spring-boot-3.3.3.jar:3.3.3]
	at org.springframework.boot.SpringApplication.run(SpringApplication.java:1363) ~[spring-boot-3.3.3.jar:3.3.3]
	at org.springframework.boot.SpringApplication.run(SpringApplication.java:1352) ~[spring-boot-3.3.3.jar:3.3.3]
	at br.com.jtech.tasklist.StartTasklist.main(StartTasklist.java:10) ~[main/:na]
	at java.base/jdk.internal.reflect.NativeMethodAccessorImpl.invoke0(Native Method) ~[na:na]
	at java.base/jdk.internal.reflect.NativeMethodAccessorImpl.invoke(NativeMethodAccessorImpl.java:77) ~[na:na]
	at java.base/jdk.internal.reflect.DelegatingMethodAccessorImpl.invoke(DelegatingMethodAccessorImpl.java:43) ~[na:na]
	at java.base/java.lang.reflect.Method.invoke(Method.java:569) ~[na:na]
	at org.springframework.boot.devtools.restart.RestartLauncher.run(RestartLauncher.java:50) ~[spring-boot-devtools-3.3.3.jar:3.3.3]
Caused by: java.lang.IllegalStateException: Failed to introspect Class [br.com.jtech.tasklist.controllers.TaskController] from ClassLoader [org.springframework.boot.devtools.restart.classloader.RestartClassLoader@60b4955c]
	at org.springframework.util.ReflectionUtils.getDeclaredFields(ReflectionUtils.java:757) ~[spring-core-6.1.12.jar:6.1.12]
	at org.springframework.util.ReflectionUtils.doWithLocalFields(ReflectionUtils.java:689) ~[spring-core-6.1.12.jar:6.1.12]
	at org.springframework.orm.jpa.support.PersistenceAnnotationBeanPostProcessor.buildPersistenceMetadata(PersistenceAnnotationBeanPostProcessor.java:436) ~[spring-orm-6.1.12.jar:6.1.12]
	at org.springframework.orm.jpa.support.PersistenceAnnotationBeanPostProcessor.findPersistenceMetadata(PersistenceAnnotationBeanPostProcessor.java:417) ~[spring-orm-6.1.12.jar:6.1.12]
	at org.springframework.orm.jpa.support.PersistenceAnnotationBeanPostProcessor.findInjectionMetadata(PersistenceAnnotationBeanPostProcessor.java:376) ~[spring-orm-6.1.12.jar:6.1.12]
	at org.springframework.orm.jpa.support.PersistenceAnnotationBeanPostProcessor.postProcessMergedBeanDefinition(PersistenceAnnotationBeanPostProcessor.java:353) ~[spring-orm-6.1.12.jar:6.1.12]
	at org.springframework.beans.factory.support.AbstractAutowireCapableBeanFactory.applyMergedBeanDefinitionPostProcessors(AbstractAutowireCapableBeanFactory.java:1103) ~[spring-beans-6.1.12.jar:6.1.12]
	at org.springframework.beans.factory.support.AbstractAutowireCapableBeanFactory.doCreateBean(AbstractAutowireCapableBeanFactory.java:574) ~[spring-beans-6.1.12.jar:6.1.12]
	... 20 common frames omitted
Caused by: java.lang.NoClassDefFoundError: br/com/jtech/tasklist/service/TaskService
	at java.base/java.lang.Class.getDeclaredFields0(Native Method) ~[na:na]
	at java.base/java.lang.Class.privateGetDeclaredFields(Class.java:3297) ~[na:na]
	at java.base/java.lang.Class.getDeclaredFields(Class.java:2371) ~[na:na]
	at org.springframework.util.ReflectionUtils.getDeclaredFields(ReflectionUtils.java:752) ~[spring-core-6.1.12.jar:6.1.12]
	... 27 common frames omitted
Caused by: java.lang.ClassNotFoundException: br.com.jtech.tasklist.service.TaskService
	at java.base/jdk.internal.loader.BuiltinClassLoader.loadClass(BuiltinClassLoader.java:641) ~[na:na]
	at java.base/jdk.internal.loader.ClassLoaders$AppClassLoader.loadClass(ClassLoaders.java:188) ~[na:na]
	at java.base/java.lang.ClassLoader.loadClass(ClassLoader.java:525) ~[na:na]
	at java.base/java.lang.Class.forName0(Native Method) ~[na:na]
	at java.base/java.lang.Class.forName(Class.java:467) ~[na:na]
	at org.springframework.boot.devtools.restart.classloader.RestartClassLoader.loadClass(RestartClassLoader.java:121) ~[spring-boot-devtools-3.3.3.jar:3.3.3]
	at java.base/java.lang.ClassLoader.loadClass(ClassLoader.java:525) ~[na:na]
	... 31 common frames omitted

2025-09-11T07:14:34.897-03:00  INFO 3820 --- [tasklist] [restartedMain] br.com.jtech.tasklist.StartTasklist      : Starting StartTasklist using Java 17.0.12 with PID 3820 (C:\Users\Particular\Documents\Casali\Programacao\GITHUB\react\fullstack1\jtech-tasklist-backend\build\classes\java\main started by Particular in C:\Users\Particular\Documents\Casali\Programacao\GITHUB\react\fullstack1)
2025-09-11T07:14:34.897-03:00 DEBUG 3820 --- [tasklist] [restartedMain] br.com.jtech.tasklist.StartTasklist      : Running with Spring Boot v3.3.3, Spring v6.1.12
2025-09-11T07:14:34.897-03:00  INFO 3820 --- [tasklist] [restartedMain] br.com.jtech.tasklist.StartTasklist      : The following 1 profile is active: "prod"
2025-09-11T07:14:35.779-03:00  INFO 3820 --- [tasklist] [restartedMain] .s.d.r.c.RepositoryConfigurationDelegate : Bootstrapping Spring Data JPA repositories in DEFAULT mode.
2025-09-11T07:14:35.848-03:00  INFO 3820 --- [tasklist] [restartedMain] .s.d.r.c.RepositoryConfigurationDelegate : Finished Spring Data repository scanning in 68 ms. Found 1 JPA repository interface.
2025-09-11T07:14:36.315-03:00  INFO 3820 --- [tasklist] [restartedMain] o.s.b.w.embedded.tomcat.TomcatWebServer  : Tomcat initialized with port 8080 (http)
2025-09-11T07:14:36.316-03:00  INFO 3820 --- [tasklist] [restartedMain] o.apache.catalina.core.StandardService   : Starting service [Tomcat]
2025-09-11T07:14:36.316-03:00  INFO 3820 --- [tasklist] [restartedMain] o.apache.catalina.core.StandardEngine    : Starting Servlet engine: [Apache Tomcat/10.1.28]
2025-09-11T07:14:36.356-03:00  INFO 3820 --- [tasklist] [restartedMain] o.a.c.c.C.[Tomcat-3].[localhost].[/]     : Initializing Spring embedded WebApplicationContext
2025-09-11T07:14:36.356-03:00  INFO 3820 --- [tasklist] [restartedMain] w.s.c.ServletWebServerApplicationContext : Root WebApplicationContext: initialization completed in 1455 ms
2025-09-11T07:14:36.465-03:00  INFO 3820 --- [tasklist] [restartedMain] com.zaxxer.hikari.HikariDataSource       : HikariPool-5 - Starting...
2025-09-11T07:14:36.545-03:00  INFO 3820 --- [tasklist] [restartedMain] com.zaxxer.hikari.pool.HikariPool        : HikariPool-5 - Added connection org.postgresql.jdbc.PgConnection@6bc251b6
2025-09-11T07:14:36.545-03:00  INFO 3820 --- [tasklist] [restartedMain] com.zaxxer.hikari.HikariDataSource       : HikariPool-5 - Start completed.
2025-09-11T07:14:36.546-03:00  INFO 3820 --- [tasklist] [restartedMain] o.s.b.a.h2.H2ConsoleAutoConfiguration    : H2 console available at '/h2-console'. Database available at 'jdbc:postgresql://localhost:5432/sansys_database'
2025-09-11T07:14:36.656-03:00  INFO 3820 --- [tasklist] [restartedMain] o.hibernate.jpa.internal.util.LogHelper  : HHH000204: Processing PersistenceUnitInfo [name: default]
2025-09-11T07:14:36.662-03:00  INFO 3820 --- [tasklist] [restartedMain] o.h.c.internal.RegionFactoryInitiator    : HHH000026: Second-level cache disabled
2025-09-11T07:14:36.683-03:00  INFO 3820 --- [tasklist] [restartedMain] o.s.o.j.p.SpringPersistenceUnitInfo      : No LoadTimeWeaver setup: ignoring JPA class transformer
2025-09-11T07:14:36.703-03:00  WARN 3820 --- [tasklist] [restartedMain] org.hibernate.orm.deprecation            : HHH90000025: PostgreSQLDialect does not need to be specified explicitly using 'hibernate.dialect' (remove the property setting and it will be selected by default)
2025-09-11T07:14:36.780-03:00  INFO 3820 --- [tasklist] [restartedMain] o.h.e.t.j.p.i.JtaPlatformInitiator       : HHH000489: No JTA platform available (set 'hibernate.transaction.jta.platform' to enable JTA platform integration)
2025-09-11T07:14:36.823-03:00  INFO 3820 --- [tasklist] [restartedMain] j.LocalContainerEntityManagerFactoryBean : Initialized JPA EntityManagerFactory for persistence unit 'default'
2025-09-11T07:14:37.216-03:00  WARN 3820 --- [tasklist] [restartedMain] JpaBaseConfiguration$JpaWebConfiguration : spring.jpa.open-in-view is enabled by default. Therefore, database queries may be performed during view rendering. Explicitly configure spring.jpa.open-in-view to disable this warning
2025-09-11T07:14:38.788-03:00  INFO 3820 --- [tasklist] [restartedMain] o.s.b.d.a.OptionalLiveReloadServer       : LiveReload server is running on port 35729
2025-09-11T07:14:38.801-03:00  INFO 3820 --- [tasklist] [restartedMain] o.s.b.a.e.web.EndpointLinksResolver      : Exposing 15 endpoints beneath base path '/actuator'
2025-09-11T07:14:38.863-03:00  INFO 3820 --- [tasklist] [restartedMain] o.s.b.w.embedded.tomcat.TomcatWebServer  : Tomcat started on port 8080 (http) with context path '/'
2025-09-11T07:14:38.886-03:00  INFO 3820 --- [tasklist] [restartedMain] br.com.jtech.tasklist.StartTasklist      : Started StartTasklist in 4.042 seconds (process running for 51073.547)
2025-09-11T07:14:38.896-03:00  INFO 3820 --- [tasklist] [restartedMain] .ConditionEvaluationDeltaLoggingListener : Condition evaluation unchanged
2025-09-11T07:16:12.456-03:00  INFO 3820 --- [tasklist] [File Watcher] rtingClassPathChangeChangedEventListener : Restarting due to 1 class path change (0 additions, 1 deletion, 0 modifications)
2025-09-11T07:16:12.531-03:00  INFO 3820 --- [tasklist] [Thread-7] j.LocalContainerEntityManagerFactoryBean : Closing JPA EntityManagerFactory for persistence unit 'default'
2025-09-11T07:16:12.533-03:00  INFO 3820 --- [tasklist] [Thread-7] com.zaxxer.hikari.HikariDataSource       : HikariPool-5 - Shutdown initiated...
2025-09-11T07:16:12.539-03:00  INFO 3820 --- [tasklist] [Thread-7] com.zaxxer.hikari.HikariDataSource       : HikariPool-5 - Shutdown completed.
2025-09-11T07:16:12.821-03:00  INFO 3820 --- [tasklist] [restartedMain] br.com.jtech.tasklist.StartTasklist      : Starting StartTasklist using Java 17.0.12 with PID 3820 (C:\Users\Particular\Documents\Casali\Programacao\GITHUB\react\fullstack1\jtech-tasklist-backend\build\classes\java\main started by Particular in C:\Users\Particular\Documents\Casali\Programacao\GITHUB\react\fullstack1)
2025-09-11T07:16:12.822-03:00 DEBUG 3820 --- [tasklist] [restartedMain] br.com.jtech.tasklist.StartTasklist      : Running with Spring Boot v3.3.3, Spring v6.1.12
2025-09-11T07:16:12.823-03:00  INFO 3820 --- [tasklist] [restartedMain] br.com.jtech.tasklist.StartTasklist      : The following 1 profile is active: "prod"
2025-09-11T07:16:13.295-03:00  INFO 3820 --- [tasklist] [restartedMain] .s.d.r.c.RepositoryConfigurationDelegate : Bootstrapping Spring Data JPA repositories in DEFAULT mode.
2025-09-11T07:16:13.310-03:00  INFO 3820 --- [tasklist] [restartedMain] .s.d.r.c.RepositoryConfigurationDelegate : Finished Spring Data repository scanning in 14 ms. Found 1 JPA repository interface.
2025-09-11T07:16:13.537-03:00  INFO 3820 --- [tasklist] [restartedMain] o.s.b.w.embedded.tomcat.TomcatWebServer  : Tomcat initialized with port 8080 (http)
2025-09-11T07:16:13.538-03:00  INFO 3820 --- [tasklist] [restartedMain] o.apache.catalina.core.StandardService   : Starting service [Tomcat]
2025-09-11T07:16:13.540-03:00  INFO 3820 --- [tasklist] [restartedMain] o.apache.catalina.core.StandardEngine    : Starting Servlet engine: [Apache Tomcat/10.1.28]
2025-09-11T07:16:13.580-03:00  INFO 3820 --- [tasklist] [restartedMain] o.a.c.c.C.[Tomcat-3].[localhost].[/]     : Initializing Spring embedded WebApplicationContext
2025-09-11T07:16:13.580-03:00  INFO 3820 --- [tasklist] [restartedMain] w.s.c.ServletWebServerApplicationContext : Root WebApplicationContext: initialization completed in 755 ms
2025-09-11T07:16:13.726-03:00  INFO 3820 --- [tasklist] [restartedMain] com.zaxxer.hikari.HikariDataSource       : HikariPool-6 - Starting...
2025-09-11T07:16:13.839-03:00  INFO 3820 --- [tasklist] [restartedMain] com.zaxxer.hikari.pool.HikariPool        : HikariPool-6 - Added connection org.postgresql.jdbc.PgConnection@c66b02
2025-09-11T07:16:13.839-03:00  INFO 3820 --- [tasklist] [restartedMain] com.zaxxer.hikari.HikariDataSource       : HikariPool-6 - Start completed.
2025-09-11T07:16:13.839-03:00  INFO 3820 --- [tasklist] [restartedMain] o.s.b.a.h2.H2ConsoleAutoConfiguration    : H2 console available at '/h2-console'. Database available at 'jdbc:postgresql://localhost:5432/sansys_database'
2025-09-11T07:16:13.958-03:00  INFO 3820 --- [tasklist] [restartedMain] o.hibernate.jpa.internal.util.LogHelper  : HHH000204: Processing PersistenceUnitInfo [name: default]
2025-09-11T07:16:13.967-03:00  INFO 3820 --- [tasklist] [restartedMain] o.h.c.internal.RegionFactoryInitiator    : HHH000026: Second-level cache disabled
2025-09-11T07:16:13.987-03:00  INFO 3820 --- [tasklist] [restartedMain] o.s.o.j.p.SpringPersistenceUnitInfo      : No LoadTimeWeaver setup: ignoring JPA class transformer
2025-09-11T07:16:14.016-03:00  WARN 3820 --- [tasklist] [restartedMain] org.hibernate.orm.deprecation            : HHH90000025: PostgreSQLDialect does not need to be specified explicitly using 'hibernate.dialect' (remove the property setting and it will be selected by default)
2025-09-11T07:16:14.108-03:00  INFO 3820 --- [tasklist] [restartedMain] o.h.e.t.j.p.i.JtaPlatformInitiator       : HHH000489: No JTA platform available (set 'hibernate.transaction.jta.platform' to enable JTA platform integration)
2025-09-11T07:16:14.151-03:00  INFO 3820 --- [tasklist] [restartedMain] j.LocalContainerEntityManagerFactoryBean : Initialized JPA EntityManagerFactory for persistence unit 'default'
2025-09-11T07:16:14.494-03:00  WARN 3820 --- [tasklist] [restartedMain] JpaBaseConfiguration$JpaWebConfiguration : spring.jpa.open-in-view is enabled by default. Therefore, database queries may be performed during view rendering. Explicitly configure spring.jpa.open-in-view to disable this warning
2025-09-11T07:16:15.724-03:00  INFO 3820 --- [tasklist] [restartedMain] o.s.b.d.a.OptionalLiveReloadServer       : LiveReload server is running on port 35729
2025-09-11T07:16:15.736-03:00  INFO 3820 --- [tasklist] [restartedMain] o.s.b.a.e.web.EndpointLinksResolver      : Exposing 15 endpoints beneath base path '/actuator'
2025-09-11T07:16:15.781-03:00  INFO 3820 --- [tasklist] [restartedMain] o.s.b.w.embedded.tomcat.TomcatWebServer  : Tomcat started on port 8080 (http) with context path '/'
2025-09-11T07:16:15.796-03:00  INFO 3820 --- [tasklist] [restartedMain] br.com.jtech.tasklist.StartTasklist      : Started StartTasklist in 3.017 seconds (process running for 51170.457)
2025-09-11T07:16:15.799-03:00  INFO 3820 --- [tasklist] [restartedMain] .ConditionEvaluationDeltaLoggingListener : Condition evaluation unchanged
2025-09-11T07:20:36.987-03:00  INFO 3820 --- [tasklist] [File Watcher] rtingClassPathChangeChangedEventListener : Restarting due to 6 class path changes (0 additions, 6 deletions, 0 modifications)
2025-09-11T07:20:37.890-03:00  INFO 3820 --- [tasklist] [Thread-20] j.LocalContainerEntityManagerFactoryBean : Closing JPA EntityManagerFactory for persistence unit 'default'
2025-09-11T07:20:38.043-03:00  INFO 3820 --- [tasklist] [Thread-20] com.zaxxer.hikari.HikariDataSource       : HikariPool-6 - Shutdown initiated...
2025-09-11T07:20:38.157-03:00  INFO 3820 --- [tasklist] [Thread-20] com.zaxxer.hikari.HikariDataSource       : HikariPool-6 - Shutdown completed.
2025-09-11T07:20:41.980-03:00  INFO 3820 --- [tasklist] [restartedMain] br.com.jtech.tasklist.StartTasklist      : Starting StartTasklist using Java 17.0.12 with PID 3820 (C:\Users\Particular\Documents\Casali\Programacao\GITHUB\react\fullstack1\jtech-tasklist-backend\build\classes\java\main started by Particular in C:\Users\Particular\Documents\Casali\Programacao\GITHUB\react\fullstack1)
2025-09-11T07:20:41.980-03:00 DEBUG 3820 --- [tasklist] [restartedMain] br.com.jtech.tasklist.StartTasklist      : Running with Spring Boot v3.3.3, Spring v6.1.12
2025-09-11T07:20:41.980-03:00  INFO 3820 --- [tasklist] [restartedMain] br.com.jtech.tasklist.StartTasklist      : The following 1 profile is active: "prod"
2025-09-11T07:20:43.488-03:00  INFO 3820 --- [tasklist] [restartedMain] .s.d.r.c.RepositoryConfigurationDelegate : Bootstrapping Spring Data JPA repositories in DEFAULT mode.
2025-09-11T07:20:43.509-03:00  INFO 3820 --- [tasklist] [restartedMain] .s.d.r.c.RepositoryConfigurationDelegate : Finished Spring Data repository scanning in 19 ms. Found 1 JPA repository interface.
2025-09-11T07:20:43.897-03:00  INFO 3820 --- [tasklist] [restartedMain] o.s.b.w.embedded.tomcat.TomcatWebServer  : Tomcat initialized with port 8080 (http)
2025-09-11T07:20:43.898-03:00  INFO 3820 --- [tasklist] [restartedMain] o.apache.catalina.core.StandardService   : Starting service [Tomcat]
2025-09-11T07:20:43.901-03:00  INFO 3820 --- [tasklist] [restartedMain] o.apache.catalina.core.StandardEngine    : Starting Servlet engine: [Apache Tomcat/10.1.28]
2025-09-11T07:20:43.973-03:00  INFO 3820 --- [tasklist] [restartedMain] o.a.c.c.C.[Tomcat-3].[localhost].[/]     : Initializing Spring embedded WebApplicationContext
2025-09-11T07:20:43.973-03:00  INFO 3820 --- [tasklist] [restartedMain] w.s.c.ServletWebServerApplicationContext : Root WebApplicationContext: initialization completed in 1970 ms
2025-09-11T07:20:44.219-03:00  INFO 3820 --- [tasklist] [restartedMain] com.zaxxer.hikari.HikariDataSource       : HikariPool-7 - Starting...
2025-09-11T07:20:44.409-03:00  INFO 3820 --- [tasklist] [restartedMain] com.zaxxer.hikari.pool.HikariPool        : HikariPool-7 - Added connection org.postgresql.jdbc.PgConnection@5f8f5c33
2025-09-11T07:20:44.410-03:00  INFO 3820 --- [tasklist] [restartedMain] com.zaxxer.hikari.HikariDataSource       : HikariPool-7 - Start completed.
2025-09-11T07:20:44.410-03:00  INFO 3820 --- [tasklist] [restartedMain] o.s.b.a.h2.H2ConsoleAutoConfiguration    : H2 console available at '/h2-console'. Database available at 'jdbc:postgresql://localhost:5432/sansys_database'
2025-09-11T07:20:44.541-03:00  INFO 3820 --- [tasklist] [restartedMain] o.hibernate.jpa.internal.util.LogHelper  : HHH000204: Processing PersistenceUnitInfo [name: default]
2025-09-11T07:20:44.548-03:00  INFO 3820 --- [tasklist] [restartedMain] o.h.c.internal.RegionFactoryInitiator    : HHH000026: Second-level cache disabled
2025-09-11T07:20:44.570-03:00  INFO 3820 --- [tasklist] [restartedMain] o.s.o.j.p.SpringPersistenceUnitInfo      : No LoadTimeWeaver setup: ignoring JPA class transformer
2025-09-11T07:20:44.651-03:00  WARN 3820 --- [tasklist] [restartedMain] org.hibernate.orm.deprecation            : HHH90000025: PostgreSQLDialect does not need to be specified explicitly using 'hibernate.dialect' (remove the property setting and it will be selected by default)
2025-09-11T07:20:44.740-03:00  INFO 3820 --- [tasklist] [restartedMain] o.h.e.t.j.p.i.JtaPlatformInitiator       : HHH000489: No JTA platform available (set 'hibernate.transaction.jta.platform' to enable JTA platform integration)
2025-09-11T07:20:44.829-03:00  INFO 3820 --- [tasklist] [restartedMain] j.LocalContainerEntityManagerFactoryBean : Initialized JPA EntityManagerFactory for persistence unit 'default'
2025-09-11T07:20:45.126-03:00  WARN 3820 --- [tasklist] [restartedMain] JpaBaseConfiguration$JpaWebConfiguration : spring.jpa.open-in-view is enabled by default. Therefore, database queries may be performed during view rendering. Explicitly configure spring.jpa.open-in-view to disable this warning
2025-09-11T07:20:46.313-03:00  INFO 3820 --- [tasklist] [restartedMain] o.s.b.d.a.OptionalLiveReloadServer       : LiveReload server is running on port 35729
2025-09-11T07:20:46.322-03:00  INFO 3820 --- [tasklist] [restartedMain] o.s.b.a.e.web.EndpointLinksResolver      : Exposing 15 endpoints beneath base path '/actuator'
2025-09-11T07:20:46.358-03:00  INFO 3820 --- [tasklist] [restartedMain] o.s.b.w.embedded.tomcat.TomcatWebServer  : Tomcat started on port 8080 (http) with context path '/'
2025-09-11T07:20:46.373-03:00  INFO 3820 --- [tasklist] [restartedMain] br.com.jtech.tasklist.StartTasklist      : Started StartTasklist in 5.351 seconds (process running for 51441.035)
2025-09-11T07:20:46.377-03:00  INFO 3820 --- [tasklist] [restartedMain] .ConditionEvaluationDeltaLoggingListener : Condition evaluation unchanged
2025-09-11T07:27:22.483-03:00  INFO 26480 --- [tasklist] [restartedMain] br.com.jtech.tasklist.StartTasklist      : Starting StartTasklist using Java 17.0.12 with PID 26480 (C:\Users\Particular\Documents\Casali\Programacao\GITHUB\react\fullstack1\jtech-tasklist-backend\build\classes\java\main started by Particular in C:\Users\Particular\Documents\Casali\Programacao\GITHUB\react\fullstack1)
2025-09-11T07:27:22.495-03:00 DEBUG 26480 --- [tasklist] [restartedMain] br.com.jtech.tasklist.StartTasklist      : Running with Spring Boot v3.3.3, Spring v6.1.12
2025-09-11T07:27:22.498-03:00  INFO 26480 --- [tasklist] [restartedMain] br.com.jtech.tasklist.StartTasklist      : The following 1 profile is active: "prod"
2025-09-11T07:27:22.935-03:00  INFO 26480 --- [tasklist] [restartedMain] .e.DevToolsPropertyDefaultsPostProcessor : Devtools property defaults active! Set 'spring.devtools.add-properties' to 'false' to disable
2025-09-11T07:27:22.937-03:00  INFO 26480 --- [tasklist] [restartedMain] .e.DevToolsPropertyDefaultsPostProcessor : For additional web related logging consider setting the 'logging.level.web' property to 'DEBUG'
2025-09-11T07:27:29.834-03:00  INFO 26480 --- [tasklist] [restartedMain] .s.d.r.c.RepositoryConfigurationDelegate : Bootstrapping Spring Data JPA repositories in DEFAULT mode.
2025-09-11T07:27:29.968-03:00  INFO 26480 --- [tasklist] [restartedMain] .s.d.r.c.RepositoryConfigurationDelegate : Finished Spring Data repository scanning in 109 ms. Found 1 JPA repository interface.
2025-09-11T07:27:32.435-03:00  INFO 26480 --- [tasklist] [restartedMain] o.s.b.w.embedded.tomcat.TomcatWebServer  : Tomcat initialized with port 8080 (http)
2025-09-11T07:27:32.465-03:00  INFO 26480 --- [tasklist] [restartedMain] o.apache.catalina.core.StandardService   : Starting service [Tomcat]
2025-09-11T07:27:32.466-03:00  INFO 26480 --- [tasklist] [restartedMain] o.apache.catalina.core.StandardEngine    : Starting Servlet engine: [Apache Tomcat/10.1.28]
2025-09-11T07:27:32.595-03:00  INFO 26480 --- [tasklist] [restartedMain] o.a.c.c.C.[Tomcat].[localhost].[/]       : Initializing Spring embedded WebApplicationContext
2025-09-11T07:27:32.595-03:00  INFO 26480 --- [tasklist] [restartedMain] w.s.c.ServletWebServerApplicationContext : Root WebApplicationContext: initialization completed in 9658 ms
2025-09-11T07:27:32.934-03:00  INFO 26480 --- [tasklist] [restartedMain] com.zaxxer.hikari.HikariDataSource       : HikariPool-1 - Starting...
2025-09-11T07:27:33.484-03:00  INFO 26480 --- [tasklist] [restartedMain] com.zaxxer.hikari.pool.HikariPool        : HikariPool-1 - Added connection org.postgresql.jdbc.PgConnection@3c50bf59
2025-09-11T07:27:33.484-03:00  INFO 26480 --- [tasklist] [restartedMain] com.zaxxer.hikari.HikariDataSource       : HikariPool-1 - Start completed.
2025-09-11T07:27:33.505-03:00  INFO 26480 --- [tasklist] [restartedMain] o.s.b.a.h2.H2ConsoleAutoConfiguration    : H2 console available at '/h2-console'. Database available at 'jdbc:postgresql://localhost:5432/sansys_database'
2025-09-11T07:27:33.940-03:00  INFO 26480 --- [tasklist] [restartedMain] o.hibernate.jpa.internal.util.LogHelper  : HHH000204: Processing PersistenceUnitInfo [name: default]
2025-09-11T07:27:34.139-03:00  INFO 26480 --- [tasklist] [restartedMain] org.hibernate.Version                    : HHH000412: Hibernate ORM core version 6.5.2.Final
2025-09-11T07:27:34.259-03:00  INFO 26480 --- [tasklist] [restartedMain] o.h.c.internal.RegionFactoryInitiator    : HHH000026: Second-level cache disabled
2025-09-11T07:27:35.381-03:00  INFO 26480 --- [tasklist] [restartedMain] o.s.o.j.p.SpringPersistenceUnitInfo      : No LoadTimeWeaver setup: ignoring JPA class transformer
2025-09-11T07:27:35.603-03:00  WARN 26480 --- [tasklist] [restartedMain] org.hibernate.orm.deprecation            : HHH90000025: PostgreSQLDialect does not need to be specified explicitly using 'hibernate.dialect' (remove the property setting and it will be selected by default)
2025-09-11T07:27:37.683-03:00  INFO 26480 --- [tasklist] [restartedMain] o.h.e.t.j.p.i.JtaPlatformInitiator       : HHH000489: No JTA platform available (set 'hibernate.transaction.jta.platform' to enable JTA platform integration)
2025-09-11T07:27:37.815-03:00  INFO 26480 --- [tasklist] [restartedMain] j.LocalContainerEntityManagerFactoryBean : Initialized JPA EntityManagerFactory for persistence unit 'default'
2025-09-11T07:27:39.448-03:00  WARN 26480 --- [tasklist] [restartedMain] JpaBaseConfiguration$JpaWebConfiguration : spring.jpa.open-in-view is enabled by default. Therefore, database queries may be performed during view rendering. Explicitly configure spring.jpa.open-in-view to disable this warning
2025-09-11T07:27:46.129-03:00  INFO 26480 --- [tasklist] [restartedMain] o.s.b.d.a.OptionalLiveReloadServer       : LiveReload server is running on port 35729
2025-09-11T07:27:46.148-03:00  INFO 26480 --- [tasklist] [restartedMain] o.s.b.a.e.web.EndpointLinksResolver      : Exposing 15 endpoints beneath base path '/actuator'
2025-09-11T07:27:46.404-03:00  INFO 26480 --- [tasklist] [restartedMain] o.s.b.w.embedded.tomcat.TomcatWebServer  : Tomcat started on port 8080 (http) with context path '/'
2025-09-11T07:27:46.453-03:00  INFO 26480 --- [tasklist] [restartedMain] br.com.jtech.tasklist.StartTasklist      : Started StartTasklist in 28.95 seconds (process running for 36.843)
2025-09-11T07:29:27.862-03:00  INFO 26480 --- [tasklist] [http-nio-8080-exec-1] o.a.c.c.C.[Tomcat].[localhost].[/]       : Initializing Spring DispatcherServlet 'dispatcherServlet'
2025-09-11T07:29:27.863-03:00  INFO 26480 --- [tasklist] [http-nio-8080-exec-1] o.s.web.servlet.DispatcherServlet        : Initializing Servlet 'dispatcherServlet'
2025-09-11T07:29:27.868-03:00  INFO 26480 --- [tasklist] [http-nio-8080-exec-1] o.s.web.servlet.DispatcherServlet        : Completed initialization in 4 ms
